<?xml version="1.0" encoding="UTF-8"?>
<robot generator="Robot 6.0.1 (Python 3.11.1 on darwin)" generated="20221225 21:22:08.470" rpa="false" schemaversion="3">
<suite id="s1" name="createPartner" source="/Users/thkrlao/PycharmProjects/MKTGFLOW/TestCase/createPartner.robot">
<test id="s1-t1" name="Create Partner" line="11">
<kw name="LaunchBrowser" library="CommonFunctionality">
<kw name="Open Browser" library="Selenium2Library">
<arg>${URL}</arg>
<arg>${BROWSER}</arg>
<doc>Opens a new browser instance to the optional ``url``.</doc>
<msg timestamp="20221225 21:22:08.585" level="INFO">Opening browser 'chrome' to base url 'https://develop.mktgflow.seedooh.com'.</msg>
<status status="PASS" starttime="20221225 21:22:08.585" endtime="20221225 21:22:10.548"/>
</kw>
<kw name="Maximize Browser Window" library="Selenium2Library">
<doc>Maximizes current browser window.</doc>
<status status="PASS" starttime="20221225 21:22:10.549" endtime="20221225 21:22:10.949"/>
</kw>
<status status="PASS" starttime="20221225 21:22:08.585" endtime="20221225 21:22:10.949"/>
</kw>
<kw name="LogInToSeeDooh" library="CommonFunctionality">
<kw name="Input Text" library="Selenium2Library">
<arg>${INPUT_USERNAME_ELEMENT}</arg>
<arg>${SUPER_ADMIN.USERNAME}</arg>
<doc>Types the given ``text`` into the text field identified by ``locator``.</doc>
<msg timestamp="20221225 21:22:10.951" level="INFO">Typing text 'superadmin@seedooh.com' into text field '//*[@class="ant-input ant-input-lg sc-bqyKva hNarmA"]'.</msg>
<status status="PASS" starttime="20221225 21:22:10.950" endtime="20221225 21:22:11.051"/>
</kw>
<kw name="Input Text" library="Selenium2Library">
<arg>${INPUT_PASSWORD_ELEMENT}</arg>
<arg>${SUPER_ADMIN.PASSWORD}</arg>
<doc>Types the given ``text`` into the text field identified by ``locator``.</doc>
<msg timestamp="20221225 21:22:11.052" level="INFO">Typing text 'seedooh13' into text field '//*[@class="ant-input ant-input-lg sc-bqyKva hPSqkw"]'.</msg>
<status status="PASS" starttime="20221225 21:22:11.051" endtime="20221225 21:22:11.089"/>
</kw>
<kw name="Click Button" library="Selenium2Library">
<arg>${BUTTON_LOGIN_ELEMENT}</arg>
<doc>Clicks the button identified by ``locator``.</doc>
<msg timestamp="20221225 21:22:11.090" level="INFO">Clicking button '//*[@class="sc-jrAGrp buyyCm"]'.</msg>
<status status="PASS" starttime="20221225 21:22:11.089" endtime="20221225 21:22:11.116"/>
</kw>
<status status="PASS" starttime="20221225 21:22:10.950" endtime="20221225 21:22:11.116"/>
</kw>
<kw name="SelectPartner&amp;Contract" library="SelectMenu">
<kw name="Wait Until Element Is Visible" library="Selenium2Library">
<arg>//*[@href="/partners"]</arg>
<doc>Waits until the element ``locator`` is visible.</doc>
<status status="PASS" starttime="20221225 21:22:11.117" endtime="20221225 21:22:12.622"/>
</kw>
<kw name="Click Element" library="Selenium2Library">
<arg>//*[@href="/partners"]</arg>
<doc>Click the element identified by ``locator``.</doc>
<msg timestamp="20221225 21:22:12.623" level="INFO">Clicking element '//*[@href="/partners"]'.</msg>
<status status="PASS" starttime="20221225 21:22:12.623" endtime="20221225 21:22:12.678"/>
</kw>
<kw name="Sleep" library="BuiltIn">
<arg>2s</arg>
<doc>Pauses the test executed for the given time.</doc>
<msg timestamp="20221225 21:22:14.679" level="INFO">Slept 2 seconds</msg>
<status status="PASS" starttime="20221225 21:22:12.678" endtime="20221225 21:22:14.679"/>
</kw>
<status status="PASS" starttime="20221225 21:22:11.117" endtime="20221225 21:22:14.680"/>
</kw>
<kw name="CreateNewPartner" library="CreatePartner">
<kw name="SelectPartner&amp;Contract" library="SelectMenu">
<kw name="Wait Until Element Is Visible" library="Selenium2Library">
<arg>//*[@href="/partners"]</arg>
<doc>Waits until the element ``locator`` is visible.</doc>
<status status="PASS" starttime="20221225 21:22:14.681" endtime="20221225 21:22:14.705"/>
</kw>
<kw name="Click Element" library="Selenium2Library">
<arg>//*[@href="/partners"]</arg>
<doc>Click the element identified by ``locator``.</doc>
<msg timestamp="20221225 21:22:14.705" level="INFO">Clicking element '//*[@href="/partners"]'.</msg>
<status status="PASS" starttime="20221225 21:22:14.705" endtime="20221225 21:22:15.140"/>
</kw>
<kw name="Sleep" library="BuiltIn">
<arg>2s</arg>
<doc>Pauses the test executed for the given time.</doc>
<msg timestamp="20221225 21:22:17.141" level="INFO">Slept 2 seconds</msg>
<status status="PASS" starttime="20221225 21:22:15.140" endtime="20221225 21:22:17.142"/>
</kw>
<status status="PASS" starttime="20221225 21:22:14.681" endtime="20221225 21:22:17.142"/>
</kw>
<kw name="Sleep" library="BuiltIn">
<arg>3</arg>
<doc>Pauses the test executed for the given time.</doc>
<msg timestamp="20221225 21:22:20.144" level="INFO">Slept 3 seconds</msg>
<status status="PASS" starttime="20221225 21:22:17.143" endtime="20221225 21:22:20.145"/>
</kw>
<kw name="Click Button" library="Selenium2Library">
<arg>//*[@class="sc-jrAGrp bONvcW"]</arg>
<doc>Clicks the button identified by ``locator``.</doc>
<msg timestamp="20221225 21:22:20.146" level="INFO">Clicking button '//*[@class="sc-jrAGrp bONvcW"]'.</msg>
<status status="PASS" starttime="20221225 21:22:20.145" endtime="20221225 21:22:20.238"/>
</kw>
<kw name="Wait Until Element Is Visible" library="Selenium2Library">
<arg>//*[@id="rc_select_0"]</arg>
<doc>Waits until the element ``locator`` is visible.</doc>
<status status="PASS" starttime="20221225 21:22:20.238" endtime="20221225 21:22:20.462"/>
</kw>
<kw name="Input Text" library="Selenium2Library">
<arg>${PARTNER_NAME_ELEMENT}</arg>
<arg>${partnerName}</arg>
<doc>Types the given ``text`` into the text field identified by ``locator``.</doc>
<msg timestamp="20221225 21:22:20.462" level="INFO">Typing text 'TrueMove,' into text field '//*[@id="rc_select_0"]'.</msg>
<status status="PASS" starttime="20221225 21:22:20.462" endtime="20221225 21:22:20.546"/>
</kw>
<kw name="Input Text" library="Selenium2Library">
<arg>${CATEGORY_ELEMENT}</arg>
<arg>${category}</arg>
<doc>Types the given ``text`` into the text field identified by ``locator``.</doc>
<msg timestamp="20221225 21:22:20.546" level="INFO">Typing text 'Crypto,' into text field '//*[@id="rc_select_1"]'.</msg>
<status status="PASS" starttime="20221225 21:22:20.546" endtime="20221225 21:22:20.600"/>
</kw>
<kw name="Input Text" library="Selenium2Library">
<arg>${CONTACT_NAME_ELEMENT}</arg>
<arg>${contactName}</arg>
<doc>Types the given ``text`` into the text field identified by ``locator``.</doc>
<msg timestamp="20221225 21:22:20.600" level="INFO">Typing text 'Lee Jung ki,' into text field '//*[@name="partner_contacts[0].name"]'.</msg>
<status status="PASS" starttime="20221225 21:22:20.600" endtime="20221225 21:22:20.695"/>
</kw>
<kw name="Input Text" library="Selenium2Library">
<arg>${CONTACT_ROLE_ELEMENT}</arg>
<arg>${contactRole}</arg>
<doc>Types the given ``text`` into the text field identified by ``locator``.</doc>
<msg timestamp="20221225 21:22:20.695" level="INFO">Typing text 'CEO,' into text field '//*[@name="partner_contacts[0].role"]'.</msg>
<status status="PASS" starttime="20221225 21:22:20.695" endtime="20221225 21:22:20.745"/>
</kw>
<kw name="Input Text" library="Selenium2Library">
<arg>${EMAIL_ELEMENT}</arg>
<arg>${email}</arg>
<doc>Types the given ``text`` into the text field identified by ``locator``.</doc>
<msg timestamp="20221225 21:22:20.746" level="INFO">Typing text 'laoprasert.k@gmail.com,' into text field '//*[@name="partner_contacts[0].email"]'.</msg>
<status status="PASS" starttime="20221225 21:22:20.745" endtime="20221225 21:22:20.869"/>
</kw>
<kw name="Input Text" library="Selenium2Library">
<arg>${AGENCY_ELEMENT}</arg>
<arg>${agency}</arg>
<doc>Types the given ``text`` into the text field identified by ``locator``.</doc>
<msg timestamp="20221225 21:22:20.870" level="INFO">Typing text 'DA Entertainment,' into text field '//*[@name="partner_contacts[0].agency"]'.</msg>
<status status="PASS" starttime="20221225 21:22:20.870" endtime="20221225 21:22:20.958"/>
</kw>
<kw name="Input Text" library="Selenium2Library">
<arg>${ADDRESS_ELEMENT}</arg>
<arg>${address}</arg>
<doc>Types the given ``text`` into the text field identified by ``locator``.</doc>
<msg timestamp="20221225 21:22:20.958" level="INFO">Typing text '99/443 The Cabana Condo,' into text field '//*[@name="partner_contacts[0].address"]'.</msg>
<status status="PASS" starttime="20221225 21:22:20.958" endtime="20221225 21:22:21.056"/>
</kw>
<kw name="Input Text" library="Selenium2Library">
<arg>${BILLING_ENTITY_ELEMENT}</arg>
<arg>${billingEntity}</arg>
<doc>Types the given ``text`` into the text field identified by ``locator``.</doc>
<msg timestamp="20221225 21:22:21.057" level="INFO">Typing text 'True Corporation' into text field '//*[@name="billing_entity"]'.</msg>
<status status="PASS" starttime="20221225 21:22:21.056" endtime="20221225 21:22:21.156"/>
</kw>
<kw name="Sleep" library="BuiltIn">
<arg>5</arg>
<doc>Pauses the test executed for the given time.</doc>
<msg timestamp="20221225 21:22:26.158" level="INFO">Slept 5 seconds</msg>
<status status="PASS" starttime="20221225 21:22:21.156" endtime="20221225 21:22:26.159"/>
</kw>
<kw name="Click Element" library="Selenium2Library">
<arg>//*[@class="sc-jSgupP ksJFgj"]</arg>
<doc>Click the element identified by ``locator``.</doc>
<msg timestamp="20221225 21:22:26.161" level="INFO">Clicking element '//*[@class="sc-jSgupP ksJFgj"]'.</msg>
<status status="PASS" starttime="20221225 21:22:26.159" endtime="20221225 21:22:26.227"/>
</kw>
<kw name="Debug" library="Debugger">
<status status="PASS" starttime="20221225 21:22:26.227" endtime="20221225 21:22:39.588"/>
</kw>
<kw name="Sleep" library="BuiltIn">
<arg>5</arg>
<doc>Pauses the test executed for the given time.</doc>
<msg timestamp="20221225 21:22:44.589" level="INFO">Slept 5 seconds</msg>
<status status="PASS" starttime="20221225 21:22:39.588" endtime="20221225 21:22:44.590"/>
</kw>
<status status="PASS" starttime="20221225 21:22:14.680" endtime="20221225 21:22:44.590"/>
</kw>
<kw name="LogOutandCloseBrowser" library="CommonFunctionality">
<kw name="Close Browser" library="Selenium2Library">
<doc>Closes the current browser.</doc>
<status status="PASS" starttime="20221225 21:22:44.592" endtime="20221225 21:22:44.676"/>
</kw>
<status status="PASS" starttime="20221225 21:22:44.591" endtime="20221225 21:22:44.676"/>
</kw>
<doc>Launching the browser</doc>
<status status="PASS" starttime="20221225 21:22:08.584" endtime="20221225 21:22:44.677"/>
</test>
<status status="PASS" starttime="20221225 21:22:08.471" endtime="20221225 21:22:44.677"/>
</suite>
<statistics>
<total>
<stat pass="1" fail="0" skip="0">All Tests</stat>
</total>
<tag>
</tag>
<suite>
<stat pass="1" fail="0" skip="0" id="s1" name="createPartner">createPartner</stat>
</suite>
</statistics>
<errors>
</errors>
</robot>
